<?xml version="1.0" encoding="UTF-8"?>
<!-- Generated by org.testng.reporters.JUnitXMLReporter -->
<testsuite ignored="15" hostname="DTPLREN91" failures="0" tests="1" name="Default test" time="20.912" errors="0" timestamp="2024-07-09T12:01:39 IST">
  <testcase classname="TestCases.CCF_GUITesting" name="ITReviewSectionTest" time="13.899"/>
  <testcase classname="TestCases.CCF_GUITesting" name="PRMSectionTest" time="0.0">
    <ignored/>
  </testcase> <!-- PRMSectionTest -->
  <testcase classname="TestCases.CCF_GUITesting" name="ReviewerNamesSectionValidation" time="0.0">
    <ignored/>
  </testcase> <!-- ReviewerNamesSectionValidation -->
  <testcase classname="TestCases.CCF_GUITesting" name="ApprovalSectionTest" time="0.0">
    <ignored/>
  </testcase> <!-- ApprovalSectionTest -->
  <testcase classname="TestCases.CCF_GUITesting" name="ChangeHistorySectionTest" time="0.0">
    <ignored/>
  </testcase> <!-- ChangeHistorySectionTest -->
  <testcase classname="TestCases.CCF_GUITesting" name="AdditionalBusinessSectionTest" time="0.0">
    <ignored/>
  </testcase> <!-- AdditionalBusinessSectionTest -->
  <testcase classname="TestCases.CCF_GUITesting" name="AA_CCFFormDetailsTest" time="0.0">
    <ignored/>
  </testcase> <!-- AA_CCFFormDetailsTest -->
  <testcase classname="TestCases.CCF_GUITesting" name="PriceListSectionTest" time="0.0">
    <ignored/>
  </testcase> <!-- PriceListSectionTest -->
  <testcase classname="TestCases.CCF_GUITesting" name="AlertsSectionTest" time="0.0">
    <ignored/>
  </testcase> <!-- AlertsSectionTest -->
  <testcase classname="TestCases.CCF_GUITesting" name="LinksectionTest" time="0.0">
    <ignored/>
  </testcase> <!-- LinksectionTest -->
  <testcase classname="TestCases.CCF_GUITesting" name="ChargeSectionTest" time="0.0">
    <ignored/>
  </testcase> <!-- ChargeSectionTest -->
  <testcase classname="TestCases.CCF_GUITesting" name="UATSectionTest" time="0.0">
    <ignored/>
  </testcase> <!-- UATSectionTest -->
  <testcase classname="TestCases.CCF_GUITesting" name="WorkOrderSectionTest" time="0.0">
    <ignored/>
  </testcase> <!-- WorkOrderSectionTest -->
  <testcase classname="TestCases.CCF_GUITesting" name="ReviewedSignoffTest" time="0.0">
    <ignored/>
  </testcase> <!-- ReviewedSignoffTest -->
  <testcase classname="TestCases.CCF_GUITesting" name="ReviewDetailsSectionTest" time="0.0">
    <ignored/>
  </testcase> <!-- ReviewDetailsSectionTest -->
  <testcase classname="TestCases.CCF_GUITesting" name="EffortEstimationSectionTest" time="0.0">
    <ignored/>
  </testcase> <!-- EffortEstimationSectionTest -->
</testsuite> <!-- Default test -->
