<?xml version="1.0" encoding="UTF-8"?>
<!-- Generated by org.testng.reporters.JUnitXMLReporter -->
<testsuite ignored="0" hostname="DTPLD3" failures="0" tests="3" name="Default test" time="39.064" errors="0" timestamp="2023-06-19T12:51:16 IST">
  <testcase classname="TestCases.LoginTestCases" name="PrintUser" time="5.023"/>
  <testcase classname="TestCases.LoginTestCases" name="jazzLogoTest" time="0.065"/>
  <testcase classname="TestCases.LoginTestCases" name="loginToAppTest" time="13.673"/>
</testsuite> <!-- Default test -->
