<?xml version="1.0" encoding="UTF-8"?>
<!-- Generated by org.testng.reporters.JUnitXMLReporter -->
<testsuite ignored="4" hostname="DTPLREN91" failures="0" tests="1" name="Test" time="5.292" errors="0" timestamp="2024-06-28T16:59:13 IST">
  <testcase classname="TestCases.LoginTestCases" name="WelcomeHeadingTest" time="0.147"/>
  <testcase classname="TestCases.LoginTestCases" name="SigninButtonTest" time="0.0">
    <ignored/>
  </testcase> <!-- SigninButtonTest -->
  <testcase classname="TestCases.LoginTestCases" name="verifyUsernameTest" time="0.0">
    <ignored/>
  </testcase> <!-- verifyUsernameTest -->
  <testcase classname="TestCases.LoginTestCases" name="PasswordTest" time="0.0">
    <ignored/>
  </testcase> <!-- PasswordTest -->
  <testcase classname="TestCases.LoginTestCases" name="loginToAppTest" time="0.0">
    <ignored/>
  </testcase> <!-- loginToAppTest -->
</testsuite> <!-- Test -->
