<?xml version="1.0" encoding="UTF-8"?>
<testng-results ignored="0" total="3" passed="3" failed="0" skipped="0">
  <reporter-output>
  </reporter-output>
  <suite started-at="2023-06-19T14:20:55 IST" name="RTC Suite" finished-at="2023-06-19T14:21:31 IST" duration-ms="35900">
    <groups>
    </groups>
    <test started-at="2023-06-19T14:20:55 IST" name="RTC Test" finished-at="2023-06-19T14:21:31 IST" duration-ms="35900">
      <class name="TestCases.LoginTestCases">
        <test-method is-config="true" signature="setup()[pri:0, instance:TestCases.LoginTestCases@6a28ffa4]" started-at="2023-06-19T14:20:55 IST" name="setup" finished-at="2023-06-19T14:21:03 IST" duration-ms="7841" status="PASS">
          <reporter-output>
          </reporter-output>
        </test-method> <!-- setup -->
        <test-method signature="PrintUser()[pri:0, instance:TestCases.LoginTestCases@6a28ffa4]" started-at="2023-06-19T14:21:03 IST" name="PrintUser" finished-at="2023-06-19T14:21:08 IST" duration-ms="5009" status="PASS">
          <reporter-output>
          </reporter-output>
        </test-method> <!-- PrintUser -->
        <test-method is-config="true" signature="exit()[pri:0, instance:TestCases.LoginTestCases@6a28ffa4]" started-at="2023-06-19T14:21:08 IST" name="exit" finished-at="2023-06-19T14:21:08 IST" duration-ms="297" status="PASS">
          <reporter-output>
          </reporter-output>
        </test-method> <!-- exit -->
        <test-method is-config="true" signature="setup()[pri:0, instance:TestCases.LoginTestCases@6a28ffa4]" started-at="2023-06-19T14:21:08 IST" name="setup" finished-at="2023-06-19T14:21:14 IST" duration-ms="5791" status="PASS">
          <reporter-output>
          </reporter-output>
        </test-method> <!-- setup -->
        <test-method signature="jazzLogoTest()[pri:0, instance:TestCases.LoginTestCases@6a28ffa4]" started-at="2023-06-19T14:21:14 IST" name="jazzLogoTest" finished-at="2023-06-19T14:21:14 IST" duration-ms="63" status="PASS">
          <reporter-output>
          </reporter-output>
        </test-method> <!-- jazzLogoTest -->
        <test-method is-config="true" signature="exit()[pri:0, instance:TestCases.LoginTestCases@6a28ffa4]" started-at="2023-06-19T14:21:14 IST" name="exit" finished-at="2023-06-19T14:21:14 IST" duration-ms="300" status="PASS">
          <reporter-output>
          </reporter-output>
        </test-method> <!-- exit -->
        <test-method is-config="true" signature="setup()[pri:0, instance:TestCases.LoginTestCases@6a28ffa4]" started-at="2023-06-19T14:21:14 IST" name="setup" finished-at="2023-06-19T14:21:20 IST" duration-ms="5962" status="PASS">
          <reporter-output>
          </reporter-output>
        </test-method> <!-- setup -->
        <test-method signature="loginToAppTest()[pri:0, instance:TestCases.LoginTestCases@6a28ffa4]" started-at="2023-06-19T14:21:20 IST" name="loginToAppTest" finished-at="2023-06-19T14:21:30 IST" duration-ms="10373" status="PASS">
          <reporter-output>
          </reporter-output>
        </test-method> <!-- loginToAppTest -->
        <test-method is-config="true" signature="exit()[pri:0, instance:TestCases.LoginTestCases@6a28ffa4]" started-at="2023-06-19T14:21:30 IST" name="exit" finished-at="2023-06-19T14:21:31 IST" duration-ms="181" status="PASS">
          <reporter-output>
          </reporter-output>
        </test-method> <!-- exit -->
      </class> <!-- TestCases.LoginTestCases -->
    </test> <!-- RTC Test -->
  </suite> <!-- RTC Suite -->
</testng-results>
