<?xml version="1.0" encoding="UTF-8"?>
<testng-results ignored="6" total="7" passed="1" failed="0" skipped="0">
  <reporter-output>
  </reporter-output>
  <suite started-at="2023-07-04T17:50:39 IST" name="Default suite" finished-at="2023-07-04T17:51:27 IST" duration-ms="48613">
    <groups>
    </groups>
    <test started-at="2023-07-04T17:50:39 IST" name="Default test" finished-at="2023-07-04T17:51:27 IST" duration-ms="48613">
      <class name="TestCases.PCF_GUI_TestCases">
        <test-method is-config="true" signature="setup()[pri:0, instance:TestCases.PCF_GUI_TestCases@3c19aaa5]" started-at="2023-07-04T17:50:39 IST" name="setup" finished-at="2023-07-04T17:51:21 IST" duration-ms="42689" status="PASS">
          <reporter-output>
          </reporter-output>
        </test-method> <!-- setup -->
        <test-method signature="verifyOnlyethelabelWithValueTest()[pri:0, instance:TestCases.PCF_GUI_TestCases@3c19aaa5]" started-at="2023-07-04T17:51:21 IST" name="verifyOnlyethelabelWithValueTest" finished-at="2023-07-04T17:51:27 IST" duration-ms="5454" status="PASS">
          <reporter-output>
          </reporter-output>
        </test-method> <!-- verifyOnlyethelabelWithValueTest -->
        <test-method is-config="true" signature="exit()[pri:0, instance:TestCases.PCF_GUI_TestCases@3c19aaa5]" started-at="2023-07-04T17:51:27 IST" name="exit" finished-at="2023-07-04T17:51:27 IST" duration-ms="295" status="PASS">
          <reporter-output>
          </reporter-output>
        </test-method> <!-- exit -->
      </class> <!-- TestCases.PCF_GUI_TestCases -->
    </test> <!-- Default test -->
  </suite> <!-- Default suite -->
</testng-results>
