<?xml version="1.0" encoding="UTF-8"?>
<testng-results ignored="0" total="1" passed="1" failed="0" skipped="0">
  <reporter-output>
  </reporter-output>
  <suite started-at="2023-07-18T12:26:54 IST" name="Default suite" finished-at="2023-07-18T12:27:11 IST" duration-ms="16590">
    <groups>
    </groups>
    <test started-at="2023-07-18T12:26:54 IST" name="Default test" finished-at="2023-07-18T12:27:11 IST" duration-ms="16590">
      <class name="TestCases.FPMSanityTestCases">
        <test-method is-config="true" signature="setup()[pri:0, instance:TestCases.FPMSanityTestCases@42a48628]" started-at="2023-07-18T12:26:54 IST" name="setup" finished-at="2023-07-18T12:27:10 IST" duration-ms="15883" status="PASS">
          <reporter-output>
          </reporter-output>
        </test-method> <!-- setup -->
        <test-method signature="getTitleTest()[pri:0, instance:TestCases.FPMSanityTestCases@42a48628]" started-at="2023-07-18T12:27:10 IST" name="getTitleTest" finished-at="2023-07-18T12:27:10 IST" duration-ms="95" status="PASS">
          <reporter-output>
          </reporter-output>
        </test-method> <!-- getTitleTest -->
        <test-method is-config="true" signature="exit()[pri:0, instance:TestCases.FPMSanityTestCases@42a48628]" started-at="2023-07-18T12:27:10 IST" name="exit" finished-at="2023-07-18T12:27:11 IST" duration-ms="516" status="PASS">
          <reporter-output>
          </reporter-output>
        </test-method> <!-- exit -->
      </class> <!-- TestCases.FPMSanityTestCases -->
    </test> <!-- Default test -->
  </suite> <!-- Default suite -->
</testng-results>
