<?xml version="1.0" encoding="UTF-8"?>
<!-- Generated by org.testng.reporters.JUnitXMLReporter -->
<testsuite ignored="0" hostname="DTPLD3" failures="0" tests="3" name="RTC Test" time="35.9" errors="0" timestamp="2023-06-19T14:21:31 IST">
  <testcase classname="TestCases.LoginTestCases" name="PrintUser" time="5.009"/>
  <testcase classname="TestCases.LoginTestCases" name="jazzLogoTest" time="0.063"/>
  <testcase classname="TestCases.LoginTestCases" name="loginToAppTest" time="10.373"/>
</testsuite> <!-- RTC Test -->
