<?xml version="1.0" encoding="UTF-8"?>
<!-- Generated by org.testng.reporters.JUnitXMLReporter -->
<testsuite ignored="0" hostname="DTPLD3" failures="0" tests="3" name="RTC Test" time="37.764" errors="0" timestamp="2023-06-19T12:52:10 IST">
  <testcase classname="TestCases.LoginTestCases" name="PrintUser" time="5.022"/>
  <testcase classname="TestCases.LoginTestCases" name="jazzLogoTest" time="0.049"/>
  <testcase classname="TestCases.LoginTestCases" name="loginToAppTest" time="10.44"/>
</testsuite> <!-- RTC Test -->
